nohup: ignoring input
WARNING: The `useMongoClient` option is no longer necessary in mongoose 5.x, please remove it.
    at handleUseMongoClient (/var/www/html/Creative6/creative/node_modules/mongoose/lib/connection.js:604:17)
    at NativeConnection.Connection.openUri (/var/www/html/Creative6/creative/node_modules/mongoose/lib/connection.js:480:7)
    at Mongoose.connect (/var/www/html/Creative6/creative/node_modules/mongoose/lib/index.js:263:15)
    at Object.<anonymous> (/var/www/html/Creative6/creative/routes/index.js:10:10)
    at Module._compile (module.js:577:32)
    at Object.Module._extensions..js (module.js:586:10)
    at Module.load (module.js:494:32)
    at tryModuleLoad (module.js:453:12)
    at Function.Module._load (module.js:445:3)
    at Module.require (module.js:504:17)
    at require (internal/module.js:20:19)
    at Object.<anonymous> (/var/www/html/Creative6/creative/app.js:17:19)
    at Module._compile (module.js:577:32)
    at Object.Module._extensions..js (module.js:586:10)
    at Module.load (module.js:494:32)
    at tryModuleLoad (module.js:453:12)
before / Route
(node:22297) DeprecationWarning: current URL string parser is deprecated, and will be removed in a future version. To use the new parser, pass option { useNewUrlParser: true } to MongoClient.connect.
Port 4200 is already in use
